<?xml version="1.0" encoding="UTF-8"?>
<!-- Generated by org.testng.reporters.JUnitXMLReporter -->
<testsuite ignored="0" hostname="192.168.1.3" failures="1" tests="21" name="Banking Tests" time="374.647" errors="0" timestamp="2026-06-14T14:14:28 IST">
  <testcase classname="testcases.LoginTest" name="loginTest" time="20.804"/>
  <testcase classname="testcases.LoginTest" name="loginTest" time="3.647"/>
  <testcase classname="testcases.LoginTest" name="loginTest" time="4.077"/>
  <testcase classname="testcases.LoginTest" name="loginTest" time="4.161"/>
  <testcase classname="testcases.LoginTest" name="loginTest" time="2.244"/>
  <testcase classname="testcases.LoginTest" name="loginTest" time="1.452"/>
  <testcase classname="testcases.AddCustomerTest" name="addValidCustomer" time="32.351"/>
  <testcase classname="testcases.AddCustomerTest" name="validateCustomerId" time="0.004"/>
  <testcase classname="testcases.AddCustomerTest" name="blankNameField" time="5.409"/>
  <testcase classname="testcases.AddCustomerTest" name="invalidPinFormat" time="4.886"/>
  <testcase classname="testcases.AddCustomerTest" name="duplicateEmailValidation" time="6.394"/>
  <testcase classname="testcases.NewAccountTest" name="newAccountTest" time="5.054"/>
  <testcase classname="testcases.NewAccountTest" name="newAccountTest" time="6.869"/>
  <testcase classname="testcases.NewAccountTest" name="newAccountTest" time="2.975"/>
  <testcase classname="testcases.NewAccountTest" name="newAccountTest" time="3.54"/>
  <testcase classname="testcases.TransactionTest" name="depositTest" time="62.125">
    <failure type="java.lang.AssertionError" message="Guru99 returned HTTP 500">
      <![CDATA[java.lang.AssertionError: Guru99 returned HTTP 500
at testcases.TransactionTest.depositTest(TransactionTest.java:157)
at java.base/java.util.ArrayList.forEach(ArrayList.java:1511)
... Removed 27 stack frames]]>
    </failure>
  </testcase> <!-- depositTest -->
  <testcase classname="testcases.TransactionTest" name="withdrawalTest" time="5.138"/>
  <testcase classname="testcases.TransactionTest" name="balanceTest" time="5.353"/>
  <testcase classname="testcases.FundTransferTest" name="validTransfer" time="61.092"/>
  <testcase classname="testcases.FundTransferTest" name="validTransfer" time="28.108"/>
  <testcase classname="testcases.FundTransferTest" name="validTransfer" time="15.763"/>
</testsuite> <!-- Banking Tests -->
