<?xml version="1.0" encoding="UTF-8"?>
<!-- Generated by org.testng.reporters.JUnitXMLReporter -->
<testsuite ignored="0" hostname="192.168.1.2" failures="1" tests="11" name="Banking Workflow" time="501.264" errors="0" timestamp="2026-06-05T20:49:19 IST">
  <testcase classname="testcases.LoginTest" name="validLogin" time="20.285"/>
  <testcase classname="testcases.LoginTest" name="invalidLogin" time="16.478"/>
  <testcase classname="testcases.LoginTest" name="emptyFieldsLogin" time="8.672"/>
  <testcase classname="testcases.AddCustomerTest" name="addNewCustomer" time="27.629"/>
  <testcase classname="testcases.NewAccountTest" name="createNewAccount" time="39.522"/>
  <testcase classname="testcases.DepositTest" name="depositAmount" time="52.205"/>
  <testcase classname="testcases.WithdrawalTest" name="withdrawAmount" time="46.884"/>
  <testcase classname="testcases.BalanceEnquiryTest" name="validateBalance" time="52.683"/>
  <testcase classname="testcases.FundTransferTest" name="fundTransferTest" time="31.18">
    <failure type="java.lang.RuntimeException" message="Guru99 application returned HTTP 500 while creating customer">
      <![CDATA[java.lang.RuntimeException: Guru99 application returned HTTP 500 while creating customer
at pages.AddCustomerPage.getCustomerId(AddCustomerPage.java:92)
at testcases.FundTransferTest.fundTransferTest(FundTransferTest.java:76)
at java.base/java.util.ArrayList.forEach(ArrayList.java:1511)
... Removed 27 stack frames]]>
    </failure>
  </testcase> <!-- fundTransferTest -->
  <testcase classname="testcases.FundTransferTest" name="fundTransferTest" time="51.099"/>
  <testcase classname="testcases.FundTransferTest" name="fundTransferTest" time="49.52"/>
</testsuite> <!-- Banking Workflow -->
