<?xml version="1.0" encoding="UTF-8"?>
<testng-results ignored="0" total="21" passed="20" failed="1" skipped="0">
  <reporter-output>
  </reporter-output>
  <suite started-at="2026-06-14T14:08:13 IST" name="Guru99 Banking Suite" finished-at="2026-06-14T14:14:27 IST" duration-ms="374647">
    <groups>
    </groups>
    <test started-at="2026-06-14T14:08:13 IST" name="Banking Tests" finished-at="2026-06-14T14:14:27 IST" duration-ms="374647">
      <class name="testcases.TransactionTest">
        <test-method is-config="true" signature="setup(java.lang.String)[pri:0, instance:testcases.TransactionTest@7668d560]" started-at="2026-06-14T14:11:05 IST" name="setup" finished-at="2026-06-14T14:11:17 IST" duration-ms="11655" status="PASS">
          <params>
            <param index="0">
              <value>
                <![CDATA[chrome]]>
              </value>
            </param>
          </params>
          <reporter-output>
          </reporter-output>
        </test-method> <!-- setup -->
        <test-method is-config="true" signature="startModule()[pri:0, instance:testcases.TransactionTest@7668d560]" started-at="2026-06-14T14:11:17 IST" name="startModule" finished-at="2026-06-14T14:11:17 IST" duration-ms="2" status="PASS">
          <reporter-output>
          </reporter-output>
        </test-method> <!-- startModule -->
        <test-method signature="depositTest()[pri:1, instance:testcases.TransactionTest@7668d560]" started-at="2026-06-14T14:11:17 IST" name="depositTest" description="TC_TRANS_001 : Deposit" finished-at="2026-06-14T14:12:19 IST" duration-ms="62125" status="FAIL">
          <exception class="java.lang.AssertionError">
            <message>
              <![CDATA[Guru99 returned HTTP 500]]>
            </message>
            <full-stacktrace>
              <![CDATA[java.lang.AssertionError: Guru99 returned HTTP 500
at testcases.TransactionTest.depositTest(TransactionTest.java:157)
at java.base/jdk.internal.reflect.NativeMethodAccessorImpl.invoke0(Native Method)
at java.base/jdk.internal.reflect.NativeMethodAccessorImpl.invoke(NativeMethodAccessorImpl.java:77)
at java.base/jdk.internal.reflect.DelegatingMethodAccessorImpl.invoke(DelegatingMethodAccessorImpl.java:43)
at java.base/java.lang.reflect.Method.invoke(Method.java:568)
at org.testng.internal.invokers.MethodInvocationHelper.invokeMethod(MethodInvocationHelper.java:141)
at org.testng.internal.invokers.TestInvoker.invokeMethod(TestInvoker.java:687)
at org.testng.internal.invokers.TestInvoker.invokeTestMethod(TestInvoker.java:230)
at org.testng.internal.invokers.MethodRunner.runInSequence(MethodRunner.java:63)
at org.testng.internal.invokers.TestInvoker$MethodInvocationAgent.invoke(TestInvoker.java:995)
at org.testng.internal.invokers.TestInvoker.invokeTestMethods(TestInvoker.java:203)
at org.testng.internal.invokers.TestMethodWorker.invokeTestMethods(TestMethodWorker.java:154)
at org.testng.internal.invokers.TestMethodWorker.run(TestMethodWorker.java:134)
at java.base/java.util.ArrayList.forEach(ArrayList.java:1511)
at org.testng.TestRunner.privateRun(TestRunner.java:741)
at org.testng.TestRunner.run(TestRunner.java:616)
at org.testng.SuiteRunner.runTest(SuiteRunner.java:421)
at org.testng.SuiteRunner.runSequentially(SuiteRunner.java:413)
at org.testng.SuiteRunner.privateRun(SuiteRunner.java:373)
at org.testng.SuiteRunner.run(SuiteRunner.java:312)
at org.testng.SuiteRunnerWorker.runSuite(SuiteRunnerWorker.java:52)
at org.testng.SuiteRunnerWorker.run(SuiteRunnerWorker.java:95)
at org.testng.TestNG.runSuitesSequentially(TestNG.java:1274)
at org.testng.TestNG.runSuitesLocally(TestNG.java:1208)
at org.testng.TestNG.runSuites(TestNG.java:1112)
at org.testng.TestNG.run(TestNG.java:1079)
at org.testng.remote.AbstractRemoteTestNG.run(AbstractRemoteTestNG.java:115)
at org.testng.remote.RemoteTestNG.initAndRun(RemoteTestNG.java:293)
at org.testng.remote.RemoteTestNG.main(RemoteTestNG.java:91)
]]>
            </full-stacktrace>
          </exception> <!-- java.lang.AssertionError -->
          <reporter-output>
          </reporter-output>
        </test-method> <!-- depositTest -->
        <test-method signature="withdrawalTest()[pri:2, instance:testcases.TransactionTest@7668d560]" started-at="2026-06-14T14:12:20 IST" name="withdrawalTest" description="TC_TRANS_002 : Withdrawal" finished-at="2026-06-14T14:12:25 IST" duration-ms="5138" status="PASS">
          <reporter-output>
          </reporter-output>
        </test-method> <!-- withdrawalTest -->
        <test-method signature="balanceTest()[pri:3, instance:testcases.TransactionTest@7668d560]" started-at="2026-06-14T14:12:25 IST" name="balanceTest" description="TC_TRANS_003 : Balance Enquiry" finished-at="2026-06-14T14:12:30 IST" duration-ms="5353" status="PASS">
          <reporter-output>
          </reporter-output>
        </test-method> <!-- balanceTest -->
        <test-method is-config="true" signature="tearDown()[pri:0, instance:testcases.TransactionTest@7668d560]" started-at="2026-06-14T14:12:30 IST" name="tearDown" finished-at="2026-06-14T14:12:30 IST" duration-ms="248" status="PASS">
          <reporter-output>
          </reporter-output>
        </test-method> <!-- tearDown -->
      </class> <!-- testcases.TransactionTest -->
      <class name="testcases.FundTransferTest">
        <test-method is-config="true" signature="setup(java.lang.String)[pri:0, instance:testcases.FundTransferTest@46292372]" started-at="2026-06-14T14:12:30 IST" name="setup" finished-at="2026-06-14T14:12:41 IST" duration-ms="10312" status="PASS">
          <params>
            <param index="0">
              <value>
                <![CDATA[chrome]]>
              </value>
            </param>
          </params>
          <reporter-output>
          </reporter-output>
        </test-method> <!-- setup -->
        <test-method is-config="true" signature="startModule()[pri:0, instance:testcases.FundTransferTest@46292372]" started-at="2026-06-14T14:12:41 IST" name="startModule" finished-at="2026-06-14T14:12:41 IST" duration-ms="2" status="PASS">
          <reporter-output>
          </reporter-output>
        </test-method> <!-- startModule -->
        <test-method signature="validTransfer(java.lang.String,java.lang.String,java.lang.String,java.lang.String,java.lang.String,java.lang.String,java.lang.String,java.lang.String,java.lang.String,java.lang.String,java.lang.String)[pri:1, instance:testcases.FundTransferTest@46292372]" started-at="2026-06-14T14:12:41 IST" name="validTransfer" data-provider="transferData" finished-at="2026-06-14T14:13:42 IST" duration-ms="61092" status="PASS">
          <params>
            <param index="0">
              <value>
                <![CDATA[Ritik]]>
              </value>
            </param>
            <param index="1">
              <value>
                <![CDATA[01-01-1999]]>
              </value>
            </param>
            <param index="2">
              <value>
                <![CDATA[Indore MP]]>
              </value>
            </param>
            <param index="3">
              <value>
                <![CDATA[Indore]]>
              </value>
            </param>
            <param index="4">
              <value>
                <![CDATA[MP]]>
              </value>
            </param>
            <param index="5">
              <value>
                <![CDATA[458001]]>
              </value>
            </param>
            <param index="6">
              <value>
                <![CDATA[9876543210]]>
              </value>
            </param>
            <param index="7">
              <value>
                <![CDATA[Password@123]]>
              </value>
            </param>
            <param index="8">
              <value>
                <![CDATA[1000]]>
              </value>
            </param>
            <param index="9">
              <value>
                <![CDATA[Valid Transfer]]>
              </value>
            </param>
            <param index="10">
              <value>
                <![CDATA[VALID]]>
              </value>
            </param>
          </params>
          <reporter-output>
          </reporter-output>
        </test-method> <!-- validTransfer -->
        <test-method signature="validTransfer(java.lang.String,java.lang.String,java.lang.String,java.lang.String,java.lang.String,java.lang.String,java.lang.String,java.lang.String,java.lang.String,java.lang.String,java.lang.String)[pri:1, instance:testcases.FundTransferTest@46292372]" started-at="2026-06-14T14:13:42 IST" name="validTransfer" data-provider="transferData" finished-at="2026-06-14T14:14:10 IST" duration-ms="28108" status="PASS">
          <params>
            <param index="0">
              <value>
                <![CDATA[Ritik]]>
              </value>
            </param>
            <param index="1">
              <value>
                <![CDATA[01-01-1999]]>
              </value>
            </param>
            <param index="2">
              <value>
                <![CDATA[Indore MP]]>
              </value>
            </param>
            <param index="3">
              <value>
                <![CDATA[Indore]]>
              </value>
            </param>
            <param index="4">
              <value>
                <![CDATA[MP]]>
              </value>
            </param>
            <param index="5">
              <value>
                <![CDATA[458001]]>
              </value>
            </param>
            <param index="6">
              <value>
                <![CDATA[9876543210]]>
              </value>
            </param>
            <param index="7">
              <value>
                <![CDATA[Password@123]]>
              </value>
            </param>
            <param index="8">
              <value>
                <![CDATA[20000]]>
              </value>
            </param>
            <param index="9">
              <value>
                <![CDATA[Insufficient Balance]]>
              </value>
            </param>
            <param index="10">
              <value>
                <![CDATA[INSUFFICIENT]]>
              </value>
            </param>
          </params>
          <reporter-output>
          </reporter-output>
        </test-method> <!-- validTransfer -->
        <test-method signature="validTransfer(java.lang.String,java.lang.String,java.lang.String,java.lang.String,java.lang.String,java.lang.String,java.lang.String,java.lang.String,java.lang.String,java.lang.String,java.lang.String)[pri:1, instance:testcases.FundTransferTest@46292372]" started-at="2026-06-14T14:14:10 IST" name="validTransfer" data-provider="transferData" finished-at="2026-06-14T14:14:26 IST" duration-ms="15763" status="PASS">
          <params>
            <param index="0">
              <value>
                <![CDATA[Ritik]]>
              </value>
            </param>
            <param index="1">
              <value>
                <![CDATA[01-01-1999]]>
              </value>
            </param>
            <param index="2">
              <value>
                <![CDATA[Indore MP]]>
              </value>
            </param>
            <param index="3">
              <value>
                <![CDATA[Indore]]>
              </value>
            </param>
            <param index="4">
              <value>
                <![CDATA[MP]]>
              </value>
            </param>
            <param index="5">
              <value>
                <![CDATA[458001]]>
              </value>
            </param>
            <param index="6">
              <value>
                <![CDATA[9876543210]]>
              </value>
            </param>
            <param index="7">
              <value>
                <![CDATA[Password@123]]>
              </value>
            </param>
            <param index="8">
              <value>
                <![CDATA[500]]>
              </value>
            </param>
            <param index="9">
              <value>
                <![CDATA[Invalid Payee]]>
              </value>
            </param>
            <param index="10">
              <value>
                <![CDATA[INVALID]]>
              </value>
            </param>
          </params>
          <reporter-output>
          </reporter-output>
        </test-method> <!-- validTransfer -->
        <test-method is-config="true" signature="endModule()[pri:0, instance:testcases.FundTransferTest@46292372]" started-at="2026-06-14T14:14:26 IST" name="endModule" finished-at="2026-06-14T14:14:26 IST" duration-ms="12" status="PASS">
          <reporter-output>
          </reporter-output>
        </test-method> <!-- endModule -->
        <test-method is-config="true" signature="tearDown()[pri:0, instance:testcases.FundTransferTest@46292372]" started-at="2026-06-14T14:14:26 IST" name="tearDown" finished-at="2026-06-14T14:14:27 IST" duration-ms="1352" status="PASS">
          <reporter-output>
          </reporter-output>
        </test-method> <!-- tearDown -->
      </class> <!-- testcases.FundTransferTest -->
      <class name="testcases.AddCustomerTest">
        <test-method is-config="true" signature="setup(java.lang.String)[pri:0, instance:testcases.AddCustomerTest@7ee55e70]" started-at="2026-06-14T14:09:01 IST" name="setup" finished-at="2026-06-14T14:09:13 IST" duration-ms="11654" status="PASS">
          <params>
            <param index="0">
              <value>
                <![CDATA[chrome]]>
              </value>
            </param>
          </params>
          <reporter-output>
          </reporter-output>
        </test-method> <!-- setup -->
        <test-method is-config="true" signature="startModule()[pri:0, instance:testcases.AddCustomerTest@7ee55e70]" started-at="2026-06-14T14:09:13 IST" name="startModule" finished-at="2026-06-14T14:09:13 IST" duration-ms="3" status="PASS">
          <reporter-output>
          </reporter-output>
        </test-method> <!-- startModule -->
        <test-method signature="addValidCustomer(java.lang.String,java.lang.String,java.lang.String,java.lang.String,java.lang.String,java.lang.String,java.lang.String,java.lang.String)[pri:1, instance:testcases.AddCustomerTest@7ee55e70]" started-at="2026-06-14T14:09:13 IST" name="addValidCustomer" description="TC_AC_01 : Add Valid Customer" data-provider="customerData" finished-at="2026-06-14T14:09:45 IST" duration-ms="32351" status="PASS">
          <params>
            <param index="0">
              <value>
                <![CDATA[Ritik]]>
              </value>
            </param>
            <param index="1">
              <value>
                <![CDATA[01-01-1999]]>
              </value>
            </param>
            <param index="2">
              <value>
                <![CDATA[Indore MP]]>
              </value>
            </param>
            <param index="3">
              <value>
                <![CDATA[Indore]]>
              </value>
            </param>
            <param index="4">
              <value>
                <![CDATA[MP]]>
              </value>
            </param>
            <param index="5">
              <value>
                <![CDATA[458001]]>
              </value>
            </param>
            <param index="6">
              <value>
                <![CDATA[9876543210]]>
              </value>
            </param>
            <param index="7">
              <value>
                <![CDATA[Password@123]]>
              </value>
            </param>
          </params>
          <reporter-output>
          </reporter-output>
        </test-method> <!-- addValidCustomer -->
        <test-method signature="validateCustomerId()[pri:2, instance:testcases.AddCustomerTest@7ee55e70]" started-at="2026-06-14T14:09:45 IST" name="validateCustomerId" description="TC_AC_02 : Validate Customer ID" finished-at="2026-06-14T14:09:45 IST" depends-on-methods="testcases.AddCustomerTest.addValidCustomer" duration-ms="4" status="PASS">
          <reporter-output>
          </reporter-output>
        </test-method> <!-- validateCustomerId -->
        <test-method signature="blankNameField()[pri:3, instance:testcases.AddCustomerTest@7ee55e70]" started-at="2026-06-14T14:09:45 IST" name="blankNameField" description="TC_AC_03 : Blank Name Field" finished-at="2026-06-14T14:09:51 IST" duration-ms="5409" status="PASS">
          <reporter-output>
          </reporter-output>
        </test-method> <!-- blankNameField -->
        <test-method signature="invalidPinFormat()[pri:4, instance:testcases.AddCustomerTest@7ee55e70]" started-at="2026-06-14T14:09:51 IST" name="invalidPinFormat" description="TC_AC_04 : Invalid PIN Format" finished-at="2026-06-14T14:09:56 IST" duration-ms="4886" status="PASS">
          <reporter-output>
          </reporter-output>
        </test-method> <!-- invalidPinFormat -->
        <test-method signature="duplicateEmailValidation()[pri:5, instance:testcases.AddCustomerTest@7ee55e70]" started-at="2026-06-14T14:09:56 IST" name="duplicateEmailValidation" description="TC_AC_05 : Duplicate Email Validation" finished-at="2026-06-14T14:10:02 IST" depends-on-methods="testcases.AddCustomerTest.addValidCustomer" duration-ms="6394" status="PASS">
          <reporter-output>
          </reporter-output>
        </test-method> <!-- duplicateEmailValidation -->
        <test-method is-config="true" signature="endModule()[pri:0, instance:testcases.AddCustomerTest@7ee55e70]" started-at="2026-06-14T14:10:02 IST" name="endModule" finished-at="2026-06-14T14:10:02 IST" duration-ms="7" status="PASS">
          <reporter-output>
          </reporter-output>
        </test-method> <!-- endModule -->
        <test-method is-config="true" signature="tearDown()[pri:0, instance:testcases.AddCustomerTest@7ee55e70]" started-at="2026-06-14T14:10:02 IST" name="tearDown" finished-at="2026-06-14T14:10:02 IST" duration-ms="254" status="PASS">
          <reporter-output>
          </reporter-output>
        </test-method> <!-- tearDown -->
      </class> <!-- testcases.AddCustomerTest -->
      <class name="testcases.LoginTest">
        <test-method is-config="true" signature="setup(java.lang.String)[pri:0, instance:testcases.LoginTest@7cc9ce8]" started-at="2026-06-14T14:08:13 IST" name="setup" finished-at="2026-06-14T14:08:23 IST" duration-ms="10703" status="PASS">
          <params>
            <param index="0">
              <value>
                <![CDATA[chrome]]>
              </value>
            </param>
          </params>
          <reporter-output>
          </reporter-output>
        </test-method> <!-- setup -->
        <test-method is-config="true" signature="setupModule()[pri:0, instance:testcases.LoginTest@7cc9ce8]" started-at="2026-06-14T14:08:23 IST" name="setupModule" finished-at="2026-06-14T14:08:23 IST" duration-ms="6" status="PASS">
          <reporter-output>
          </reporter-output>
        </test-method> <!-- setupModule -->
        <test-method signature="loginTest(java.lang.String,java.lang.String,java.lang.String)[pri:0, instance:testcases.LoginTest@7cc9ce8]" started-at="2026-06-14T14:08:24 IST" name="loginTest" data-provider="loginData" finished-at="2026-06-14T14:08:45 IST" duration-ms="20804" status="PASS">
          <params>
            <param index="0">
              <value>
                <![CDATA[mngr662534]]>
              </value>
            </param>
            <param index="1">
              <value>
                <![CDATA[etEpEhU]]>
              </value>
            </param>
            <param index="2">
              <value>
                <![CDATA[VALID]]>
              </value>
            </param>
          </params>
          <reporter-output>
          </reporter-output>
        </test-method> <!-- loginTest -->
        <test-method signature="loginTest(java.lang.String,java.lang.String,java.lang.String)[pri:0, instance:testcases.LoginTest@7cc9ce8]" started-at="2026-06-14T14:08:45 IST" name="loginTest" data-provider="loginData" finished-at="2026-06-14T14:08:49 IST" duration-ms="3647" status="PASS">
          <params>
            <param index="0">
              <value>
                <![CDATA[invalid123]]>
              </value>
            </param>
            <param index="1">
              <value>
                <![CDATA[etEpEhU]]>
              </value>
            </param>
            <param index="2">
              <value>
                <![CDATA[INVALID_USER]]>
              </value>
            </param>
          </params>
          <reporter-output>
          </reporter-output>
        </test-method> <!-- loginTest -->
        <test-method signature="loginTest(java.lang.String,java.lang.String,java.lang.String)[pri:0, instance:testcases.LoginTest@7cc9ce8]" started-at="2026-06-14T14:08:49 IST" name="loginTest" data-provider="loginData" finished-at="2026-06-14T14:08:53 IST" duration-ms="4077" status="PASS">
          <params>
            <param index="0">
              <value>
                <![CDATA[mngr662534]]>
              </value>
            </param>
            <param index="1">
              <value>
                <![CDATA[wrong123]]>
              </value>
            </param>
            <param index="2">
              <value>
                <![CDATA[INVALID_PASS]]>
              </value>
            </param>
          </params>
          <reporter-output>
          </reporter-output>
        </test-method> <!-- loginTest -->
        <test-method signature="loginTest(java.lang.String,java.lang.String,java.lang.String)[pri:0, instance:testcases.LoginTest@7cc9ce8]" started-at="2026-06-14T14:08:53 IST" name="loginTest" data-provider="loginData" finished-at="2026-06-14T14:08:57 IST" duration-ms="4161" status="PASS">
          <params>
            <param index="0">
              <value>
                <![CDATA[invalid123]]>
              </value>
            </param>
            <param index="1">
              <value>
                <![CDATA[wrong123]]>
              </value>
            </param>
            <param index="2">
              <value>
                <![CDATA[INVALID_BOTH]]>
              </value>
            </param>
          </params>
          <reporter-output>
          </reporter-output>
        </test-method> <!-- loginTest -->
        <test-method signature="loginTest(java.lang.String,java.lang.String,java.lang.String)[pri:0, instance:testcases.LoginTest@7cc9ce8]" started-at="2026-06-14T14:08:57 IST" name="loginTest" data-provider="loginData" finished-at="2026-06-14T14:08:59 IST" duration-ms="2244" status="PASS">
          <params>
            <param index="0">
              <value>
                <![CDATA[(blank)]]>
              </value>
            </param>
            <param index="1">
              <value>
                <![CDATA[etEpEhU]]>
              </value>
            </param>
            <param index="2">
              <value>
                <![CDATA[BLANK_USER]]>
              </value>
            </param>
          </params>
          <reporter-output>
          </reporter-output>
        </test-method> <!-- loginTest -->
        <test-method signature="loginTest(java.lang.String,java.lang.String,java.lang.String)[pri:0, instance:testcases.LoginTest@7cc9ce8]" started-at="2026-06-14T14:08:59 IST" name="loginTest" data-provider="loginData" finished-at="2026-06-14T14:09:01 IST" duration-ms="1452" status="PASS">
          <params>
            <param index="0">
              <value>
                <![CDATA[mngr662534]]>
              </value>
            </param>
            <param index="1">
              <value>
                <![CDATA[(blank)]]>
              </value>
            </param>
            <param index="2">
              <value>
                <![CDATA[BLANK_PASS]]>
              </value>
            </param>
          </params>
          <reporter-output>
          </reporter-output>
        </test-method> <!-- loginTest -->
        <test-method is-config="true" signature="endModule()[pri:0, instance:testcases.LoginTest@7cc9ce8]" started-at="2026-06-14T14:09:01 IST" name="endModule" finished-at="2026-06-14T14:09:01 IST" duration-ms="2" status="PASS">
          <reporter-output>
          </reporter-output>
        </test-method> <!-- endModule -->
        <test-method is-config="true" signature="tearDown()[pri:0, instance:testcases.LoginTest@7cc9ce8]" started-at="2026-06-14T14:09:01 IST" name="tearDown" finished-at="2026-06-14T14:09:01 IST" duration-ms="214" status="PASS">
          <reporter-output>
          </reporter-output>
        </test-method> <!-- tearDown -->
      </class> <!-- testcases.LoginTest -->
      <class name="testcases.NewAccountTest">
        <test-method is-config="true" signature="setup(java.lang.String)[pri:0, instance:testcases.NewAccountTest@3fcdcf]" started-at="2026-06-14T14:10:02 IST" name="setup" finished-at="2026-06-14T14:10:14 IST" duration-ms="11793" status="PASS">
          <params>
            <param index="0">
              <value>
                <![CDATA[chrome]]>
              </value>
            </param>
          </params>
          <reporter-output>
          </reporter-output>
        </test-method> <!-- setup -->
        <test-method is-config="true" signature="startModule()[pri:0, instance:testcases.NewAccountTest@3fcdcf]" started-at="2026-06-14T14:10:14 IST" name="startModule" finished-at="2026-06-14T14:10:46 IST" duration-ms="32165" status="PASS">
          <reporter-output>
          </reporter-output>
        </test-method> <!-- startModule -->
        <test-method signature="newAccountTest(java.lang.String,java.lang.String,java.lang.String)[pri:0, instance:testcases.NewAccountTest@3fcdcf]" started-at="2026-06-14T14:10:46 IST" name="newAccountTest" data-provider="accountData" finished-at="2026-06-14T14:10:51 IST" duration-ms="5054" status="PASS">
          <params>
            <param index="0">
              <value>
                <![CDATA[Savings]]>
              </value>
            </param>
            <param index="1">
              <value>
                <![CDATA[50000]]>
              </value>
            </param>
            <param index="2">
              <value>
                <![CDATA[SAVINGS]]>
              </value>
            </param>
          </params>
          <reporter-output>
          </reporter-output>
        </test-method> <!-- newAccountTest -->
        <test-method signature="newAccountTest(java.lang.String,java.lang.String,java.lang.String)[pri:0, instance:testcases.NewAccountTest@3fcdcf]" started-at="2026-06-14T14:10:51 IST" name="newAccountTest" data-provider="accountData" finished-at="2026-06-14T14:10:58 IST" duration-ms="6869" status="PASS">
          <params>
            <param index="0">
              <value>
                <![CDATA[Current]]>
              </value>
            </param>
            <param index="1">
              <value>
                <![CDATA[10000]]>
              </value>
            </param>
            <param index="2">
              <value>
                <![CDATA[CURRENT]]>
              </value>
            </param>
          </params>
          <reporter-output>
          </reporter-output>
        </test-method> <!-- newAccountTest -->
        <test-method signature="newAccountTest(java.lang.String,java.lang.String,java.lang.String)[pri:0, instance:testcases.NewAccountTest@3fcdcf]" started-at="2026-06-14T14:10:58 IST" name="newAccountTest" data-provider="accountData" finished-at="2026-06-14T14:11:01 IST" duration-ms="2975" status="PASS">
          <params>
            <param index="0">
              <value>
                <![CDATA[Savings]]>
              </value>
            </param>
            <param index="1">
              <value>
                <![CDATA[50000]]>
              </value>
            </param>
            <param index="2">
              <value>
                <![CDATA[INVALID_CUSTOMER]]>
              </value>
            </param>
          </params>
          <reporter-output>
          </reporter-output>
        </test-method> <!-- newAccountTest -->
        <test-method signature="newAccountTest(java.lang.String,java.lang.String,java.lang.String)[pri:0, instance:testcases.NewAccountTest@3fcdcf]" started-at="2026-06-14T14:11:01 IST" name="newAccountTest" data-provider="accountData" finished-at="2026-06-14T14:11:05 IST" duration-ms="3540" status="PASS">
          <params>
            <param index="0">
              <value>
                <![CDATA[Savings]]>
              </value>
            </param>
            <param index="1">
              <value>
                <![CDATA[]]>
              </value>
            </param>
            <param index="2">
              <value>
                <![CDATA[BLANK_DEPOSIT]]>
              </value>
            </param>
          </params>
          <reporter-output>
          </reporter-output>
        </test-method> <!-- newAccountTest -->
        <test-method is-config="true" signature="endModule()[pri:0, instance:testcases.NewAccountTest@3fcdcf]" started-at="2026-06-14T14:11:05 IST" name="endModule" finished-at="2026-06-14T14:11:05 IST" duration-ms="3" status="PASS">
          <reporter-output>
          </reporter-output>
        </test-method> <!-- endModule -->
        <test-method is-config="true" signature="tearDown()[pri:0, instance:testcases.NewAccountTest@3fcdcf]" started-at="2026-06-14T14:11:05 IST" name="tearDown" finished-at="2026-06-14T14:11:05 IST" duration-ms="259" status="PASS">
          <reporter-output>
          </reporter-output>
        </test-method> <!-- tearDown -->
      </class> <!-- testcases.NewAccountTest -->
    </test> <!-- Banking Tests -->
  </suite> <!-- Guru99 Banking Suite -->
</testng-results>
