<?xml version="1.0" encoding="UTF-8"?>
<!-- Generated by org.testng.reporters.JUnitReportReporter -->
<testsuite hostname="192.168.1.3" failures="0" tests="3" name="testcases.FundTransferTest" time="104.963" errors="0" timestamp="2026-06-14T14:14:29 IST" skipped="0">
  <testcase classname="testcases.FundTransferTest" name="validTransfer" time="61.092"/>
  <testcase classname="testcases.FundTransferTest" name="validTransfer" time="15.763"/>
  <testcase classname="testcases.FundTransferTest" name="validTransfer" time="28.108"/>
</testsuite> <!-- testcases.FundTransferTest -->
