<?xml version="1.0" encoding="UTF-8"?>
<!-- Generated by org.testng.reporters.JUnitReportReporter -->
<testsuite hostname="192.168.1.3" failures="0" tests="5" name="testcases.AddCustomerTest" time="49.044" errors="0" timestamp="2026-06-14T14:14:29 IST" skipped="0">
  <testcase classname="testcases.AddCustomerTest" name="addValidCustomer" time="32.351"/>
  <testcase classname="testcases.AddCustomerTest" name="validateCustomerId" time="0.004"/>
  <testcase classname="testcases.AddCustomerTest" name="blankNameField" time="5.409"/>
  <testcase classname="testcases.AddCustomerTest" name="invalidPinFormat" time="4.886"/>
  <testcase classname="testcases.AddCustomerTest" name="duplicateEmailValidation" time="6.394"/>
</testsuite> <!-- testcases.AddCustomerTest -->
