<?xml version="1.0" encoding="UTF-8"?>
<!-- Generated by org.testng.reporters.JUnitReportReporter -->
<testsuite hostname="192.168.1.3" failures="0" tests="4" name="testcases.NewAccountTest" time="18.438" errors="0" timestamp="2026-06-14T14:14:29 IST" skipped="0">
  <testcase classname="testcases.NewAccountTest" name="newAccountTest" time="3.540"/>
  <testcase classname="testcases.NewAccountTest" name="newAccountTest" time="2.975"/>
  <testcase classname="testcases.NewAccountTest" name="newAccountTest" time="6.869"/>
  <testcase classname="testcases.NewAccountTest" name="newAccountTest" time="5.054"/>
</testsuite> <!-- testcases.NewAccountTest -->
