<?xml version="1.0" encoding="UTF-8"?>
<!-- Generated by org.testng.reporters.JUnitReportReporter -->
<testsuite hostname="192.168.1.3" failures="0" tests="6" name="testcases.LoginTest" time="36.385" errors="0" timestamp="2026-06-14T14:14:29 IST" skipped="0">
  <testcase classname="testcases.LoginTest" name="loginTest" time="2.244"/>
  <testcase classname="testcases.LoginTest" name="loginTest" time="4.077"/>
  <testcase classname="testcases.LoginTest" name="loginTest" time="1.452"/>
  <testcase classname="testcases.LoginTest" name="loginTest" time="3.647"/>
  <testcase classname="testcases.LoginTest" name="loginTest" time="4.161"/>
  <testcase classname="testcases.LoginTest" name="loginTest" time="20.804"/>
</testsuite> <!-- testcases.LoginTest -->
