<?xml version="1.0" encoding="UTF-8"?>
<!-- Generated by org.testng.reporters.JUnitXMLReporter -->
<testsuite ignored="0" hostname="192.168.1.2" failures="1" tests="11" name="Guru99BankTests" time="624.97" errors="0" timestamp="2026-06-05T20:32:35 IST">
  <testcase classname="testcases.LoginTest" name="validLogin" time="21.206"/>
  <testcase classname="testcases.LoginTest" name="invalidLogin" time="17.345"/>
  <testcase classname="testcases.LoginTest" name="emptyFieldsLogin" time="9.385"/>
  <testcase classname="testcases.AddCustomerTest" name="addNewCustomer" time="44.152"/>
  <testcase classname="testcases.NewAccountTest" name="createNewAccount" time="50.455">
    <failure type="org.openqa.selenium.TimeoutException" message="Expected condition failed: waiting for visibility of element located by By.xpath: //td[contains(normalize-space(),&amp;apos;Customer ID&amp;apos;)]/following-sibling::td (tried for 15 second(s) with 500 milliseconds interval)
Build info: version: &amp;apos;4.34.0&amp;apos;, revision: &amp;apos;707dcb4246*&amp;apos;
System info: os.name: &amp;apos;Mac OS X&amp;apos;, os.arch: &amp;apos;x86_64&amp;apos;, os.version: &amp;apos;26.5.1&amp;apos;, java.version: &amp;apos;17.0.10&amp;apos;
Driver info: org.openqa.selenium.chrome.ChromeDriver
Capabilities {acceptInsecureCerts: false, browserName: chrome, browserVersion: 148.0.7778.216, chrome: {chromedriverVersion: 148.0.7778.178 (d096af1c9e9..., userDataDir: /var/folders/1m/l_rj06c54fs...}, fedcm:accounts: true, goog:chromeOptions: {debuggerAddress: localhost:59723}, goog:processID: 78407, networkConnectionEnabled: false, pageLoadStrategy: normal, platformName: mac, proxy: Proxy(), se:cdp: ws://localhost:59723/devtoo..., se:cdpVersion: 148.0.7778.216, setWindowRect: true, strictFileInteractability: false, timeouts: {implicit: 0, pageLoad: 300000, script: 30000}, unhandledPromptBehavior: dismiss and notify, webauthn:extension:credBlob: true, webauthn:extension:largeBlob: true, webauthn:extension:minPinLength: true, webauthn:extension:prf: true, webauthn:virtualAuthenticators: true}
Session ID: 7cc059bf76c77c9dec3c09690079a35e">
      <![CDATA[org.openqa.selenium.TimeoutException: Expected condition failed: waiting for visibility of element located by By.xpath: //td[contains(normalize-space(),'Customer ID')]/following-sibling::td (tried for 15 second(s) with 500 milliseconds interval)
Build info: version: '4.34.0', revision: '707dcb4246*'
System info: os.name: 'Mac OS X', os.arch: 'x86_64', os.version: '26.5.1', java.version: '17.0.10'
Driver info: org.openqa.selenium.chrome.ChromeDriver
Capabilities {acceptInsecureCerts: false, browserName: chrome, browserVersion: 148.0.7778.216, chrome: {chromedriverVersion: 148.0.7778.178 (d096af1c9e9..., userDataDir: /var/folders/1m/l_rj06c54fs...}, fedcm:accounts: true, goog:chromeOptions: {debuggerAddress: localhost:59723}, goog:processID: 78407, networkConnectionEnabled: false, pageLoadStrategy: normal, platformName: mac, proxy: Proxy(), se:cdp: ws://localhost:59723/devtoo..., se:cdpVersion: 148.0.7778.216, setWindowRect: true, strictFileInteractability: false, timeouts: {implicit: 0, pageLoad: 300000, script: 30000}, unhandledPromptBehavior: dismiss and notify, webauthn:extension:credBlob: true, webauthn:extension:largeBlob: true, webauthn:extension:minPinLength: true, webauthn:extension:prf: true, webauthn:virtualAuthenticators: true}
Session ID: 7cc059bf76c77c9dec3c09690079a35e
at org.openqa.selenium.support.ui.WebDriverWait.timeoutException(WebDriverWait.java:84)
at org.openqa.selenium.support.ui.FluentWait.until(FluentWait.java:228)
at pages.AddCustomerPage.getCustomerId(AddCustomerPage.java:92)
at testcases.NewAccountTest.createNewAccount(NewAccountTest.java:111)
at java.base/java.util.ArrayList.forEach(ArrayList.java:1511)
... Removed 27 stack frames]]>
    </failure>
  </testcase> <!-- createNewAccount -->
  <testcase classname="testcases.DepositTest" name="depositAmount" time="56.66"/>
  <testcase classname="testcases.WithdrawalTest" name="withdrawAmount" time="52.302"/>
  <testcase classname="testcases.BalanceEnquiryTest" name="validateBalance" time="63.167"/>
  <testcase classname="testcases.FundTransferTest" name="fundTransferTest" time="60.992"/>
  <testcase classname="testcases.FundTransferTest" name="fundTransferTest" time="56.375"/>
  <testcase classname="testcases.FundTransferTest" name="fundTransferTest" time="57.496"/>
</testsuite> <!-- Guru99BankTests -->
